<?xml version="1.0" encoding="UTF-8"?>
<!-- Generated by org.testng.reporters.JUnitReportReporter -->
<testsuite hostname="TOSHIBA-PC" failures="0" tests="3" name="org.automation.facebook.testcases.TC_001_ValidateLoginFunctionality" time="53.006" errors="0" timestamp="2020-10-27T04:54:32 CDT" skipped="0">
  <testcase classname="org.automation.facebook.testcases.TC_001_ValidateLoginFunctionality" name="TC_001_Login_Functionality" time="17.608"/>
  <system-out/>
  <testcase classname="org.automation.facebook.testcases.TC_001_ValidateLoginFunctionality" name="TC_001_Login_Functionality" time="18.211"/>
  <system-out/>
  <testcase classname="org.automation.facebook.testcases.TC_001_ValidateLoginFunctionality" name="TC_001_Login_Functionality" time="17.187"/>
  <system-out/>
</testsuite> <!-- org.automation.facebook.testcases.TC_001_ValidateLoginFunctionality -->
