<?xml version="1.0" encoding="UTF-8"?>
<!-- Generated by org.testng.reporters.JUnitReportReporter -->
<testsuite hostname="TOSHIBA-PC" failures="0" tests="2" name="org.automation.facebook.testcases.TC_003_ValidateLoginFunctionality" time="35.008" errors="0" timestamp="2020-11-13T04:21:25 CST" skipped="0">
  <testcase classname="org.automation.facebook.testcases.TC_003_ValidateLoginFunctionality" name="TC_001_Login_Functionality" time="16.731"/>
  <system-out/>
  <testcase classname="org.automation.facebook.testcases.TC_003_ValidateLoginFunctionality" name="TC_001_Login_Functionality" time="18.277"/>
  <system-out/>
</testsuite> <!-- org.automation.facebook.testcases.TC_003_ValidateLoginFunctionality -->
