<?xml version="1.0" encoding="UTF-8"?>
<!-- Generated by org.testng.reporters.JUnitReportReporter -->
<testsuite hostname="TOSHIBA-PC" failures="0" tests="4" name="org.automation.facebook.testcases.TC_001_ValidateLoginFunctionality" time="85.203" errors="0" timestamp="2020-10-27T23:42:08 CDT" skipped="0">
  <testcase classname="org.automation.facebook.testcases.TC_001_ValidateLoginFunctionality" name="TC_001_Login_Functionality" time="27.148"/>
  <system-out/>
  <testcase classname="org.automation.facebook.testcases.TC_001_ValidateLoginFunctionality" name="TC_001_Login_Functionality" time="17.160"/>
  <system-out/>
  <testcase classname="org.automation.facebook.testcases.TC_001_ValidateLoginFunctionality" name="TC_001_Login_Functionality" time="20.593"/>
  <system-out/>
  <testcase classname="org.automation.facebook.testcases.TC_001_ValidateLoginFunctionality" name="TC_001_Login_Functionality" time="20.302"/>
  <system-out/>
</testsuite> <!-- org.automation.facebook.testcases.TC_001_ValidateLoginFunctionality -->
