<?xml version="1.0" encoding="UTF-8"?>
<!-- Generated by org.testng.reporters.JUnitReportReporter -->
<testsuite skipped="0" hostname="TOSHIBA-PC" name="getRequest.GetData" tests="2" failures="0" timestamp="2020-10-03T04:30:23 CDT" time="4.476" errors="0">
  <testcase name="testResponseCode" time="0.286" classname="getRequest.GetData"/>
  <system-out/>
  <testcase name="testResponseBody" time="4.190" classname="getRequest.GetData"/>
  <system-out/>
</testsuite> <!-- getRequest.GetData -->
